2021-04-14 22:33:35 PM - root - DEBUG -logging_prac1:  调试debug
2021-04-14 22:33:35 PM - root - INFO -logging_prac1:  消息info
2021-04-14 22:33:35 PM - root - WARNING -logging_prac1:  警告warn
2021-04-14 22:33:35 PM - root - ERROR -logging_prac1:  错误error
2021-04-14 22:33:35 PM - root - CRITICAL -logging_prac1:  严重critical
2021-04-14 22:33:35 PM - /Users/qingliu/Study/python/awesome-python3-webapp/study/common_module/logging_prac/logging_prac1.py - DEBUG -logging_prac1:  debug
2021-04-14 22:33:35 PM - /Users/qingliu/Study/python/awesome-python3-webapp/study/common_module/logging_prac/logging_prac1.py - INFO -logging_prac1:  info
2021-04-14 22:33:35 PM - /Users/qingliu/Study/python/awesome-python3-webapp/study/common_module/logging_prac/logging_prac1.py - WARNING -logging_prac1:  warning
2021-04-14 22:33:35 PM - /Users/qingliu/Study/python/awesome-python3-webapp/study/common_module/logging_prac/logging_prac1.py - ERROR -logging_prac1:  error
2021-04-14 22:33:35 PM - /Users/qingliu/Study/python/awesome-python3-webapp/study/common_module/logging_prac/logging_prac1.py - CRITICAL -logging_prac1:  critical
2021-04-14 22:33:50 PM - root - DEBUG -logging_prac1:  调试debug
2021-04-14 22:33:50 PM - root - INFO -logging_prac1:  消息info
2021-04-14 22:33:50 PM - root - WARNING -logging_prac1:  警告warn
2021-04-14 22:33:50 PM - root - ERROR -logging_prac1:  错误error
2021-04-14 22:33:50 PM - root - CRITICAL -logging_prac1:  严重critical
2021-04-14 22:33:50 PM - /Users/qingliu/Study/python/awesome-python3-webapp/study/common_module/logging_prac/logging_prac1.py - DEBUG -logging_prac1:  debug
2021-04-14 22:33:50 PM - /Users/qingliu/Study/python/awesome-python3-webapp/study/common_module/logging_prac/logging_prac1.py - INFO -logging_prac1:  info
2021-04-14 22:33:50 PM - /Users/qingliu/Study/python/awesome-python3-webapp/study/common_module/logging_prac/logging_prac1.py - WARNING -logging_prac1:  warning
2021-04-14 22:33:50 PM - /Users/qingliu/Study/python/awesome-python3-webapp/study/common_module/logging_prac/logging_prac1.py - ERROR -logging_prac1:  error
2021-04-14 22:33:50 PM - /Users/qingliu/Study/python/awesome-python3-webapp/study/common_module/logging_prac/logging_prac1.py - CRITICAL -logging_prac1:  critical
2024-02-14 09:19:07 AM - root - DEBUG -handlers_prac1:  调试debug
2024-02-14 09:19:07 AM - root - INFO -handlers_prac1:  消息info
2024-02-14 09:19:07 AM - root - WARNING -handlers_prac1:  警告warn
2024-02-14 09:19:07 AM - root - ERROR -handlers_prac1:  错误error
2024-02-14 09:19:07 AM - root - CRITICAL -handlers_prac1:  严重critical
2024-02-14 09:19:07 AM - t1_logger - CRITICAL -handlers_prac1:  critical
2024-02-14 09:19:07 AM - t1_logger - ERROR -handlers_prac1:  error
2024-02-14 09:19:07 AM - t1_logger - WARNING -handlers_prac1:  warning
2024-02-14 09:19:07 AM - t1_logger - INFO -handlers_prac1:  info
2024-02-14 09:19:07 AM - t1_logger - DEBUG -handlers_prac1:  debug
2024-02-14 09:19:28 AM - root - DEBUG -handlers_prac1:  调试debug
2024-02-14 09:19:28 AM - root - INFO -handlers_prac1:  消息info
2024-02-14 09:19:28 AM - root - WARNING -handlers_prac1:  警告warn
2024-02-14 09:19:28 AM - root - ERROR -handlers_prac1:  错误error
2024-02-14 09:19:28 AM - root - CRITICAL -handlers_prac1:  严重critical
2024-02-14 09:19:28 AM - t1_logger - CRITICAL -handlers_prac1:  critical
2024-02-14 09:19:28 AM - t1_logger - ERROR -handlers_prac1:  error
2024-02-14 09:19:28 AM - t1_logger - WARNING -handlers_prac1:  warning
2024-02-14 09:19:28 AM - t1_logger - INFO -handlers_prac1:  info
2024-02-14 09:19:28 AM - t1_logger - DEBUG -handlers_prac1:  debug
2024-02-14 09:20:43 AM - root - DEBUG -handlers_prac1:  调试debug
2024-02-14 09:20:43 AM - root - INFO -handlers_prac1:  消息info
2024-02-14 09:20:43 AM - root - WARNING -handlers_prac1:  警告warn
2024-02-14 09:20:43 AM - root - ERROR -handlers_prac1:  错误error
2024-02-14 09:20:43 AM - root - CRITICAL -handlers_prac1:  严重critical
2024-02-14 09:20:43 AM - t1_logger - CRITICAL -handlers_prac1:  critical
2024-02-14 09:20:43 AM - t1_logger - ERROR -handlers_prac1:  error
2024-02-14 09:20:43 AM - t1_logger - WARNING -handlers_prac1:  warning
2024-02-14 09:20:43 AM - t1_logger - INFO -handlers_prac1:  info
2024-02-14 09:20:43 AM - t1_logger - DEBUG -handlers_prac1:  debug
2024-02-14 09:21:22 AM - root - DEBUG -handlers_prac1:  调试debug
2024-02-14 09:21:22 AM - root - INFO -handlers_prac1:  消息info
2024-02-14 09:21:22 AM - root - WARNING -handlers_prac1:  警告warn
2024-02-14 09:21:22 AM - root - ERROR -handlers_prac1:  错误error
2024-02-14 09:21:22 AM - root - CRITICAL -handlers_prac1:  严重critical
2024-02-14 09:21:22 AM - t1_logger - CRITICAL -handlers_prac1:  critical
2024-02-14 09:21:22 AM - t1_logger - ERROR -handlers_prac1:  error
2024-02-14 09:21:22 AM - t1_logger - WARNING -handlers_prac1:  warning
2024-02-14 09:21:22 AM - t1_logger - INFO -handlers_prac1:  info
2024-02-14 09:21:22 AM - t1_logger - DEBUG -handlers_prac1:  debug
2024-02-14 09:23:54 AM - root - DEBUG -handlers_prac1:  调试debug,来自logging.debug
2024-02-14 09:23:54 AM - root - INFO -handlers_prac1:  消息info，来自logging.info
2024-02-14 09:23:54 AM - root - WARNING -handlers_prac1:  警告warn，来自logging.warning
2024-02-14 09:23:54 AM - root - ERROR -handlers_prac1:  错误error，来自logging.error
2024-02-14 09:23:54 AM - root - CRITICAL -handlers_prac1:  严重critical，来自logging.critical
2024-02-14 09:23:54 AM - t1_logger - CRITICAL -handlers_prac1:  critical
2024-02-14 09:23:54 AM - t1_logger - ERROR -handlers_prac1:  error
2024-02-14 09:23:54 AM - t1_logger - WARNING -handlers_prac1:  warning
2024-02-14 09:23:54 AM - t1_logger - INFO -handlers_prac1:  info
2024-02-14 09:23:54 AM - t1_logger - DEBUG -handlers_prac1:  debug
