2024-02-14 09:17:35 AM - CRITICAL -handlers_prac1:  critical
2024-02-14 09:17:35 AM - ERROR -handlers_prac1:  error
2024-02-14 09:17:35 AM - WARNING -handlers_prac1:  warning
2024-02-14 09:17:35 AM - INFO -handlers_prac1:  info
2024-02-14 09:17:35 AM - DEBUG -handlers_prac1:  debug
2024-02-14 09:18:14 AM - CRITICAL -handlers_prac1:  critical
2024-02-14 09:18:14 AM - ERROR -handlers_prac1:  error
2024-02-14 09:18:14 AM - WARNING -handlers_prac1:  warning
2024-02-14 09:18:14 AM - INFO -handlers_prac1:  info
2024-02-14 09:18:14 AM - DEBUG -handlers_prac1:  debug
2024-02-14 09:19:07 AM - CRITICAL -handlers_prac1:  critical
2024-02-14 09:19:07 AM - ERROR -handlers_prac1:  error
2024-02-14 09:19:07 AM - WARNING -handlers_prac1:  warning
2024-02-14 09:19:07 AM - INFO -handlers_prac1:  info
2024-02-14 09:19:07 AM - DEBUG -handlers_prac1:  debug
2024-02-14 09:19:28 AM - CRITICAL -handlers_prac1:  critical
2024-02-14 09:19:28 AM - ERROR -handlers_prac1:  error
2024-02-14 09:19:28 AM - WARNING -handlers_prac1:  warning
2024-02-14 09:19:28 AM - INFO -handlers_prac1:  info
2024-02-14 09:19:28 AM - DEBUG -handlers_prac1:  debug
2024-02-14 09:19:49 AM - CRITICAL -handlers_prac1:  critical
2024-02-14 09:19:49 AM - ERROR -handlers_prac1:  error
2024-02-14 09:19:49 AM - WARNING -handlers_prac1:  warning
2024-02-14 09:19:49 AM - INFO -handlers_prac1:  info
2024-02-14 09:19:49 AM - DEBUG -handlers_prac1:  debug
2024-02-14 09:20:43 AM - CRITICAL -handlers_prac1:  critical
2024-02-14 09:20:43 AM - ERROR -handlers_prac1:  error
2024-02-14 09:20:43 AM - WARNING -handlers_prac1:  warning
2024-02-14 09:20:43 AM - INFO -handlers_prac1:  info
2024-02-14 09:20:43 AM - DEBUG -handlers_prac1:  debug
2024-02-14 09:21:22 AM - CRITICAL -handlers_prac1:  critical
2024-02-14 09:21:22 AM - ERROR -handlers_prac1:  error
2024-02-14 09:21:22 AM - WARNING -handlers_prac1:  warning
2024-02-14 09:21:22 AM - INFO -handlers_prac1:  info
2024-02-14 09:21:22 AM - DEBUG -handlers_prac1:  debug
2024-02-14 09:23:54 AM - CRITICAL -handlers_prac1:  critical
2024-02-14 09:23:54 AM - ERROR -handlers_prac1:  error
2024-02-14 09:23:54 AM - WARNING -handlers_prac1:  warning
2024-02-14 09:23:54 AM - INFO -handlers_prac1:  info
2024-02-14 09:23:54 AM - DEBUG -handlers_prac1:  debug
